<?xml version="1.0" encoding="UTF-8"?>
<!-- Generated by org.testng.reporters.JUnitReportReporter -->
<testsuite hostname="LAPTOP-TKPHE51F" failures="0" tests="1" name="PracticeTestngg" time="0.015" errors="0" timestamp="06 Aug 2023 15:01:15 GMT" skipped="0">
  <testcase classname="PracticeTestngg" name="add" time="0.015"/>
</testsuite> <!-- PracticeTestngg -->
